[06/02/2020 16:36:08] [INFO] 
id: MLA609714710 
title: Ups Apc 900va Back-ups 6 Tomas Estabilizador Y Protector De Tension Gtia Oficial 2años Br900 Para Tv, Play, Pc 
category_id: MLA1720 
name: UPS 

[06/02/2020 16:36:08] [INFO] 
id: MLA609550688 
title: Ups Apc Easy 500va Estabilizador Y Protector De Tension Con Ahorro De Energia Gtia Oficial 2 Años 
category_id: MLA1720 
name: UPS 

[06/02/2020 16:36:09] [INFO] 
id: MLA723727507 
title: Notebook Dell I3 7020u 8gb 1tb + Ssd 480gb Win10 En Cuotas 
category_id: MLA1652 
name: Notebooks 

[06/02/2020 16:36:09] [INFO] 
id: MLA701426348 
title: Notebook Laptop I3 Dell Inspiron 8gb 1tb 14  Win 10 Teclado Con Ñ Gtia De Tienda Oficial - Factura A Y B Gamer 
category_id: MLA1652 
name: Notebooks 

[06/02/2020 16:36:09] [INFO] 
id: MLA812460317 
title: Notebook Laptop Dell Inspiron 3481 I3 8gb 1tb 14 Ubuntu Teclado Con Ñ Gtia De Tienda Oficial - Factura A Y B Ram 
category_id: MLA1652 
name: Notebooks 

[06/02/2020 16:36:10] [INFO] 
id: MLA677347202 
title: Notebook Dell Inspiron I3 8g 1tb + Ssd 240gb Win10 En Cuotas 
category_id: MLA1652 
name: Notebooks 

[06/02/2020 16:36:10] [INFO] 
id: MLA673585449 
title: Notebook Dell I3 4gb 1tb Windows 10 
category_id: MLA1652 
name: Notebooks 

[06/02/2020 16:36:10] [INFO] 
id: MLA830190937 
title: Notebook Lapto Dell I3 16gb 1tb + Ssd 480gb Win10 Oferta 
category_id: MLA1652 
name: Notebooks 

[06/02/2020 16:36:10] [INFO] 
id: MLA824013455 
title: Notebook Laptop Dell Inspiron 3481 I3 8gb 1tb Ssd 240 14 Ubu 
category_id: MLA1652 
name: Notebooks 

[06/02/2020 16:36:11] [INFO] 
id: MLA677239433 
title: Notebook Dell Inspiron I3 4gb 1tb 14 Windows 10 
category_id: MLA1652 
name: Notebooks 

[06/02/2020 16:36:11] [INFO] 
id: MLA677344596 
title:  Notebook Dell Inspiron I3 7020u 8gb 1tb + Ssd 480gb Win10  
category_id: MLA1652 
name: Notebooks 

[06/02/2020 16:36:11] [INFO] 
id: MLA818935353 
title: Notebook Laptop Dell Inspiron 3481 I3 12gb 1tb 14 Ubuntu 
category_id: MLA1652 
name: Notebooks 

[06/02/2020 16:36:11] [INFO] 
id: MLA815134739 
title: Notebook Dell Inspiron I5 16gb + 240ssd 1tb Win 10 Oferta 
category_id: MLA1652 
name: Notebooks 

[06/02/2020 16:36:12] [INFO] 
id: MLA731364718 
title: Notebook Laptop Dell Inspiron I5 8gb 256ssd + 1tb Win 10 
category_id: MLA1652 
name: Notebooks 

[06/02/2020 16:36:12] [INFO] 
id: MLA663213659 
title: Notebook Laptop Dell Vostro I5 8gb 1tb 14 Win 10pro Teclado Con Ñ Gtia De Tienda Oficial - Factura A / B 
category_id: MLA1652 
name: Notebooks 

[06/02/2020 16:36:12] [INFO] 
id: MLA677341801 
title: Notebook Dell Inspiron 5584 I5 16g 2t Win 10 Gforce Ram - Ideal Para Juegos Y Diseño 
category_id: MLA1652 
name: Notebooks 

[06/02/2020 16:36:12] [INFO] 
id: MLA799461485 
title: Notebook Dell Inspiron I7 256ssd 8g 13,3fhd Geforce Win10  
category_id: MLA1652 
name: Notebooks 

[06/02/2020 16:36:13] [INFO] 
id: MLA689122291 
title: Notebook Dell I5 8gb 1tb + Ssd Windows 10 
category_id: MLA1652 
name: Notebooks 

[06/02/2020 16:36:13] [INFO] 
id: MLA663219035 
title: Notebook Laptop Dell Inspiron I5 8g 1tb Ubuntu Teclado Con Ñ Gtia De Tienda Oficial - Factura A Y B Oferta 
category_id: MLA1652 
name: Notebooks 

[06/02/2020 16:36:13] [INFO] 
id: MLA814166024 
title: Notebook Dell Inspiron I7 256ssd 8gb 15.6 W10 Gforce Oferta 
category_id: MLA1652 
name: Notebooks 

[06/02/2020 16:36:14] [INFO] 
id: MLA636238020 
title: Impresora Laser Lexmark Mb2338adw Wi Fi Fotocopiadora Mx317 
category_id: MLA1676 
name: Impresoras 

[06/02/2020 16:36:14] [INFO] 
id: MLA762122266 
title: Dock Universal Dell D6000 Usb A 3.0 Tipo C Hdmi Display Port 
category_id: MLA3581 
name: Docking Stations y Replicators 

[06/02/2020 16:36:14] [INFO] 
id: MLA680918722 
title: Notebook Dell Inspiron I5 16gb 256ssd Win 10 Gforce Oferta 
category_id: MLA1652 
name: Notebooks 

[06/02/2020 16:36:14] [INFO] 
id: MLA724377042 
title: Servidor Poweredge Dell T30 Intel Xeon E3-1225v5 8gb 1tb Hd Ideal Para Empresa Con Garantia Oficial - Factura A B 
category_id: MLA1649 
name: PC 

[06/02/2020 16:36:15] [INFO] 
id: MLA812489388 
title: Notebook I5 Dell Vostro 14 4gb 1tb Win 10 Pro Teclado Con Ñ Gtia De Tienda Oficial - Factura A Y B 
category_id: MLA1652 
name: Notebooks 

[06/02/2020 16:36:15] [INFO] 
id: MLA823737695 
title: Notebook Laptop Dell Inspiron I5 8g 1tb Win 10 Cuotas 
category_id: MLA1652 
name: Notebooks 

[06/02/2020 16:36:15] [INFO] 
id: MLA774445312 
title: Xbox Live Gold De 12 Meses / 1 Año Xbox One / 360 Global 
category_id: MLA72958 
name: Tarjetas Xbox Live 

[06/02/2020 16:36:15] [INFO] 
id: MLA814430760 
title: Notebook Dell Inspiron I7 256ssd 8g 15.6 W10 Gf Ram Cuotas 
category_id: MLA1652 
name: Notebooks 

[06/02/2020 16:36:16] [INFO] 
id: MLA750022702 
title: Notebook Dell Latitude I7 8650u 8gb 1tb 14 Win10p 
category_id: MLA1652 
name: Notebooks 

[06/02/2020 16:36:16] [INFO] 
id: MLA732866335 
title: Licencia Windows 10 Home 64bits Original Coem Oferta - Actualiza Tu Equipo - Ideal Para Hogar 
category_id: MLA1737 
name: Sistemas Operativos 

[06/02/2020 16:36:16] [INFO] 
id: MLA681788699 
title: Notebook Laptop Dell Inspiron I5 8g 1tb Win 10 Teclado Con Ñ Gtia De Tienda Oficial - Factura A Y B Oferta 
category_id: MLA1652 
name: Notebooks 

[06/02/2020 16:36:16] [INFO] 
id: MLA677346308 
title: Notebook Laptop Dell Inspiron I3 8gb 1tb 14 Ubuntu Teclado Con Ñ Gtia De Tienda Oficial - Factura A Y B Ram 
category_id: MLA1652 
name: Notebooks 

[06/02/2020 16:36:17] [INFO] 
id: MLA696009826 
title: Ups Apc 1000va Online Tower Gtia 2 Años 
category_id: MLA1720 
name: UPS 

[06/02/2020 16:36:17] [INFO] 
id: MLA766892457 
title: Dock Universal Dell Da300 Usb A 3.0 Tipo C Hdmi Display Port 
category_id: MLA3581 
name: Docking Stations y Replicators 

[06/02/2020 16:36:17] [INFO] 
id: MLA828343368 
title: Notebook Dell Latitude 5490 I7 8650u 16gb 1tb 14 Win10p 
category_id: MLA1652 
name: Notebooks 

[06/02/2020 16:36:18] [INFO] 
id: MLA723669753 
title: Notebook Laptop Dell Inspiron I3 16gb 1tb 15,6 Fhd Win 10 Teclado Ñ Gtia Tienda Oficial - Factura A Y B Ram 
category_id: MLA1652 
name: Notebooks 

[06/02/2020 16:36:18] [INFO] 
id: MLA614270244 
title: Ups Apc 1000va Para Pc Gamer Simil Bx1100 Bv1000i-ar Estabilizador Y Protector De Tension Gtia Oficial 2 Años 
category_id: MLA1720 
name: UPS 

[06/02/2020 16:36:18] [INFO] 
id: MLA636240066 
title: Impresora Multifuncion Láser Lexmark Mb2546adwe Rempl. Mx517 
category_id: MLA1676 
name: Impresoras 

[06/02/2020 16:36:18] [INFO] 
id: MLA795525213 
title: Ups Apc Easy Bv500i-ar 500va Bv500 Gtia Oficial 2 Años 
category_id: MLA1720 
name: UPS 

[06/02/2020 16:36:19] [INFO] 
id: MLA745149901 
title: Servidor Poweredge Dell T30 Xeon E3 16gb 1tb Free Dos 
category_id: MLA1649 
name: PC 

[06/02/2020 16:36:19] [INFO] 
id: MLA701543192 
title: Servidor Poweredge Dell T30 Xeon E3-1225v5 16gb 1tb Oferta 
category_id: MLA1649 
name: PC 

[06/02/2020 16:36:19] [INFO] 
id: MLA693163642 
title: Notebook Dell I5 16gb 1tb + Ssd Windows 10 
category_id: MLA1652 
name: Notebooks 

[06/02/2020 16:36:19] [INFO] 
id: MLA723737462 
title: Impresora Laser Lexmark Mb2338 Wi Fi Fotocopiadora Ex Mx317 
category_id: MLA1676 
name: Impresoras 

[06/02/2020 16:36:20] [INFO] 
id: MLA701427188 
title: Notebook Dell Inspiron I3 8gb 1tb 14 Windows 10 Cuotas 
category_id: MLA1652 
name: Notebooks 

[06/02/2020 16:36:20] [INFO] 
id: MLA809059569 
title: Toner Lexmark Mb /2338 /2442 /2546 3000 P Lexmark B234000 
category_id: MLA3560 
name: Tóners 

[06/02/2020 16:36:20] [INFO] 
id: MLA689148569 
title: Switch 8 Bocas Cisco 8 Puertos 10/100mbps Para Hogar Y Empresa - Garantia Oficial - Factura A Y B 
category_id: MLA1708 
name: Switches 

[06/02/2020 16:36:20] [INFO] 
id: MLA685442693 
title: Switch Cisco 24 Puertos Gigabit Rack 10/100/1000 
category_id: MLA1708 
name: Switches 

[06/02/2020 16:36:21] [INFO] 
id: MLA696010903 
title: Ups Apc Src2ki-ar 2000va Online Tower Src2ki 
category_id: MLA1720 
name: UPS 

[06/02/2020 16:36:21] [INFO] 
id: MLA834430429 
title: Notebook Dell Inspiron I7 256ssd + 480ssd 16gb W10gforce  
category_id: MLA1652 
name: Notebooks 

[06/02/2020 16:36:21] [INFO] 
id: MLA833353261 
title: Notebook Laptop Dell I7 10g 32g 256ssd + 1t W10 Gf Cuotas 
category_id: MLA1652 
name: Notebooks 

[06/02/2020 16:42:03] [INFO] 
id: MLA609714710 
title: Ups Apc 900va Back-ups 6 Tomas Estabilizador Y Protector De Tension Gtia Oficial 2años Br900 Para Tv, Play, Pc 
category_id: MLA1720 
name: UPS 

[06/02/2020 16:42:03] [INFO] 
id: MLA609550688 
title: Ups Apc Easy 500va Estabilizador Y Protector De Tension Con Ahorro De Energia Gtia Oficial 2 Años 
category_id: MLA1720 
name: UPS 

[06/02/2020 16:42:03] [INFO] 
id: MLA723727507 
title: Notebook Dell I3 7020u 8gb 1tb + Ssd 480gb Win10 En Cuotas 
category_id: MLA1652 
name: Notebooks 

[06/02/2020 16:42:03] [INFO] 
id: MLA701426348 
title: Notebook Laptop I3 Dell Inspiron 8gb 1tb 14  Win 10 Teclado Con Ñ Gtia De Tienda Oficial - Factura A Y B Gamer 
category_id: MLA1652 
name: Notebooks 

[06/02/2020 16:42:04] [INFO] 
id: MLA812460317 
title: Notebook Laptop Dell Inspiron 3481 I3 8gb 1tb 14 Ubuntu Teclado Con Ñ Gtia De Tienda Oficial - Factura A Y B Ram 
category_id: MLA1652 
name: Notebooks 

[06/02/2020 16:42:04] [INFO] 
id: MLA677347202 
title: Notebook Dell Inspiron I3 8g 1tb + Ssd 240gb Win10 En Cuotas 
category_id: MLA1652 
name: Notebooks 

[06/02/2020 16:42:04] [INFO] 
id: MLA673585449 
title: Notebook Dell I3 4gb 1tb Windows 10 
category_id: MLA1652 
name: Notebooks 

[06/02/2020 16:42:04] [INFO] 
id: MLA830190937 
title: Notebook Lapto Dell I3 16gb 1tb + Ssd 480gb Win10 Oferta 
category_id: MLA1652 
name: Notebooks 

[06/02/2020 16:42:05] [INFO] 
id: MLA824013455 
title: Notebook Laptop Dell Inspiron 3481 I3 8gb 1tb Ssd 240 14 Ubu 
category_id: MLA1652 
name: Notebooks 

[06/02/2020 16:42:05] [INFO] 
id: MLA677239433 
title: Notebook Dell Inspiron I3 4gb 1tb 14 Windows 10 
category_id: MLA1652 
name: Notebooks 

[06/02/2020 16:42:05] [INFO] 
id: MLA677344596 
title:  Notebook Dell Inspiron I3 7020u 8gb 1tb + Ssd 480gb Win10  
category_id: MLA1652 
name: Notebooks 

[06/02/2020 16:42:06] [INFO] 
id: MLA818935353 
title: Notebook Laptop Dell Inspiron 3481 I3 12gb 1tb 14 Ubuntu 
category_id: MLA1652 
name: Notebooks 

[06/02/2020 16:42:06] [INFO] 
id: MLA815134739 
title: Notebook Dell Inspiron I5 16gb + 240ssd 1tb Win 10 Oferta 
category_id: MLA1652 
name: Notebooks 

[06/02/2020 16:42:06] [INFO] 
id: MLA731364718 
title: Notebook Laptop Dell Inspiron I5 8gb 256ssd + 1tb Win 10 
category_id: MLA1652 
name: Notebooks 

[06/02/2020 16:42:06] [INFO] 
id: MLA663213659 
title: Notebook Laptop Dell Vostro I5 8gb 1tb 14 Win 10pro Teclado Con Ñ Gtia De Tienda Oficial - Factura A / B 
category_id: MLA1652 
name: Notebooks 

[06/02/2020 16:42:07] [INFO] 
id: MLA677341801 
title: Notebook Dell Inspiron 5584 I5 16g 2t Win 10 Gforce Ram - Ideal Para Juegos Y Diseño 
category_id: MLA1652 
name: Notebooks 

[06/02/2020 16:42:07] [INFO] 
id: MLA799461485 
title: Notebook Dell Inspiron I7 256ssd 8g 13,3fhd Geforce Win10  
category_id: MLA1652 
name: Notebooks 

[06/02/2020 16:42:07] [INFO] 
id: MLA689122291 
title: Notebook Dell I5 8gb 1tb + Ssd Windows 10 
category_id: MLA1652 
name: Notebooks 

[06/02/2020 16:42:07] [INFO] 
id: MLA663219035 
title: Notebook Laptop Dell Inspiron I5 8g 1tb Ubuntu Teclado Con Ñ Gtia De Tienda Oficial - Factura A Y B Oferta 
category_id: MLA1652 
name: Notebooks 

[06/02/2020 16:42:08] [INFO] 
id: MLA814166024 
title: Notebook Dell Inspiron I7 256ssd 8gb 15.6 W10 Gforce Oferta 
category_id: MLA1652 
name: Notebooks 

[06/02/2020 16:42:08] [INFO] 
id: MLA636238020 
title: Impresora Laser Lexmark Mb2338adw Wi Fi Fotocopiadora Mx317 
category_id: MLA1676 
name: Impresoras 

[06/02/2020 16:42:08] [INFO] 
id: MLA762122266 
title: Dock Universal Dell D6000 Usb A 3.0 Tipo C Hdmi Display Port 
category_id: MLA3581 
name: Docking Stations y Replicators 

[06/02/2020 16:42:08] [INFO] 
id: MLA680918722 
title: Notebook Dell Inspiron I5 16gb 256ssd Win 10 Gforce Oferta 
category_id: MLA1652 
name: Notebooks 

[06/02/2020 16:42:09] [INFO] 
id: MLA724377042 
title: Servidor Poweredge Dell T30 Intel Xeon E3-1225v5 8gb 1tb Hd Ideal Para Empresa Con Garantia Oficial - Factura A B 
category_id: MLA1649 
name: PC 

[06/02/2020 16:42:09] [INFO] 
id: MLA812489388 
title: Notebook I5 Dell Vostro 14 4gb 1tb Win 10 Pro Teclado Con Ñ Gtia De Tienda Oficial - Factura A Y B 
category_id: MLA1652 
name: Notebooks 

[06/02/2020 16:42:09] [INFO] 
id: MLA823737695 
title: Notebook Laptop Dell Inspiron I5 8g 1tb Win 10 Cuotas 
category_id: MLA1652 
name: Notebooks 

[06/02/2020 16:42:09] [INFO] 
id: MLA774445312 
title: Xbox Live Gold De 12 Meses / 1 Año Xbox One / 360 Global 
category_id: MLA72958 
name: Tarjetas Xbox Live 

[06/02/2020 16:42:10] [INFO] 
id: MLA814430760 
title: Notebook Dell Inspiron I7 256ssd 8g 15.6 W10 Gf Ram Cuotas 
category_id: MLA1652 
name: Notebooks 

[06/02/2020 16:42:10] [INFO] 
id: MLA750022702 
title: Notebook Dell Latitude I7 8650u 8gb 1tb 14 Win10p 
category_id: MLA1652 
name: Notebooks 

[06/02/2020 16:42:10] [INFO] 
id: MLA732866335 
title: Licencia Windows 10 Home 64bits Original Coem Oferta - Actualiza Tu Equipo - Ideal Para Hogar 
category_id: MLA1737 
name: Sistemas Operativos 

[06/02/2020 16:42:10] [INFO] 
id: MLA681788699 
title: Notebook Laptop Dell Inspiron I5 8g 1tb Win 10 Teclado Con Ñ Gtia De Tienda Oficial - Factura A Y B Oferta 
category_id: MLA1652 
name: Notebooks 

[06/02/2020 16:42:11] [INFO] 
id: MLA677346308 
title: Notebook Laptop Dell Inspiron I3 8gb 1tb 14 Ubuntu Teclado Con Ñ Gtia De Tienda Oficial - Factura A Y B Ram 
category_id: MLA1652 
name: Notebooks 

[06/02/2020 16:42:11] [INFO] 
id: MLA696009826 
title: Ups Apc 1000va Online Tower Gtia 2 Años 
category_id: MLA1720 
name: UPS 

[06/02/2020 16:42:11] [INFO] 
id: MLA766892457 
title: Dock Universal Dell Da300 Usb A 3.0 Tipo C Hdmi Display Port 
category_id: MLA3581 
name: Docking Stations y Replicators 

[06/02/2020 16:42:11] [INFO] 
id: MLA828343368 
title: Notebook Dell Latitude 5490 I7 8650u 16gb 1tb 14 Win10p 
category_id: MLA1652 
name: Notebooks 

[06/02/2020 16:42:12] [INFO] 
id: MLA723669753 
title: Notebook Laptop Dell Inspiron I3 16gb 1tb 15,6 Fhd Win 10 Teclado Ñ Gtia Tienda Oficial - Factura A Y B Ram 
category_id: MLA1652 
name: Notebooks 

[06/02/2020 16:42:12] [INFO] 
id: MLA614270244 
title: Ups Apc 1000va Para Pc Gamer Simil Bx1100 Bv1000i-ar Estabilizador Y Protector De Tension Gtia Oficial 2 Años 
category_id: MLA1720 
name: UPS 

[06/02/2020 16:42:12] [INFO] 
id: MLA636240066 
title: Impresora Multifuncion Láser Lexmark Mb2546adwe Rempl. Mx517 
category_id: MLA1676 
name: Impresoras 

[06/02/2020 16:42:12] [INFO] 
id: MLA795525213 
title: Ups Apc Easy Bv500i-ar 500va Bv500 Gtia Oficial 2 Años 
category_id: MLA1720 
name: UPS 

[06/02/2020 16:42:13] [INFO] 
id: MLA745149901 
title: Servidor Poweredge Dell T30 Xeon E3 16gb 1tb Free Dos 
category_id: MLA1649 
name: PC 

[06/02/2020 16:42:13] [INFO] 
id: MLA701543192 
title: Servidor Poweredge Dell T30 Xeon E3-1225v5 16gb 1tb Oferta 
category_id: MLA1649 
name: PC 

[06/02/2020 16:42:13] [INFO] 
id: MLA693163642 
title: Notebook Dell I5 16gb 1tb + Ssd Windows 10 
category_id: MLA1652 
name: Notebooks 

[06/02/2020 16:42:13] [INFO] 
id: MLA723737462 
title: Impresora Laser Lexmark Mb2338 Wi Fi Fotocopiadora Ex Mx317 
category_id: MLA1676 
name: Impresoras 

[06/02/2020 16:42:14] [INFO] 
id: MLA701427188 
title: Notebook Dell Inspiron I3 8gb 1tb 14 Windows 10 Cuotas 
category_id: MLA1652 
name: Notebooks 

[06/02/2020 16:42:14] [INFO] 
id: MLA809059569 
title: Toner Lexmark Mb /2338 /2442 /2546 3000 P Lexmark B234000 
category_id: MLA3560 
name: Tóners 

[06/02/2020 16:42:14] [INFO] 
id: MLA689148569 
title: Switch 8 Bocas Cisco 8 Puertos 10/100mbps Para Hogar Y Empresa - Garantia Oficial - Factura A Y B 
category_id: MLA1708 
name: Switches 

[06/02/2020 16:42:14] [INFO] 
id: MLA685442693 
title: Switch Cisco 24 Puertos Gigabit Rack 10/100/1000 
category_id: MLA1708 
name: Switches 

[06/02/2020 16:42:15] [INFO] 
id: MLA696010903 
title: Ups Apc Src2ki-ar 2000va Online Tower Src2ki 
category_id: MLA1720 
name: UPS 

[06/02/2020 16:42:15] [INFO] 
id: MLA834430429 
title: Notebook Dell Inspiron I7 256ssd + 480ssd 16gb W10gforce  
category_id: MLA1652 
name: Notebooks 

[06/02/2020 16:42:15] [INFO] 
id: MLA833353261 
title: Notebook Laptop Dell I7 10g 32g 256ssd + 1t W10 Gf Cuotas 
category_id: MLA1652 
name: Notebooks 

